read_hdf:   0%|          | 0/2 [00:00<?, ?it/s]read_hdf: 100%|##########| 2/2 [00:00<00:00, 100.05it/s]
read_hdf:   0%|          | 0/27 [00:00<?, ?it/s]read_hdf:  33%|###3      | 9/27 [00:00<00:00, 80.33it/s]read_hdf:  48%|####8     | 13/27 [00:00<00:00, 60.84it/s]read_hdf:  59%|#####9    | 16/27 [00:00<00:00, 33.00it/s]read_hdf:  74%|#######4  | 20/27 [00:00<00:00, 34.56it/s]read_hdf:  85%|########5 | 23/27 [00:00<00:00, 23.89it/s]read_hdf: 100%|##########| 27/27 [00:00<00:00, 34.93it/s]
  0%|          | 0/110 [00:00<?, ?it/s]  1%|          | 1/110 [00:00<00:39,  2.75it/s]  2%|1         | 2/110 [00:00<00:38,  2.78it/s]  3%|2         | 3/110 [00:01<00:40,  2.65it/s]  4%|3         | 4/110 [00:01<00:40,  2.65it/s]  5%|4         | 5/110 [00:01<00:39,  2.68it/s]  5%|5         | 6/110 [00:02<00:38,  2.73it/s]  6%|6         | 7/110 [00:02<00:37,  2.77it/s]  7%|7         | 8/110 [00:02<00:36,  2.79it/s]  8%|8         | 9/110 [00:03<00:36,  2.76it/s]  9%|9         | 10/110 [00:03<00:36,  2.75it/s] 10%|#         | 11/110 [00:04<00:36,  2.73it/s] 11%|#         | 12/110 [00:04<00:35,  2.76it/s] 12%|#1        | 13/110 [00:04<00:35,  2.73it/s] 13%|#2        | 14/110 [00:05<00:35,  2.73it/s] 14%|#3        | 15/110 [00:05<00:35,  2.68it/s] 15%|#4        | 16/110 [00:05<00:34,  2.74it/s] 15%|#5        | 17/110 [00:06<00:33,  2.79it/s] 16%|#6        | 18/110 [00:06<00:34,  2.66it/s] 17%|#7        | 19/110 [00:06<00:33,  2.73it/s] 18%|#8        | 20/110 [00:07<00:32,  2.76it/s] 19%|#9        | 21/110 [00:07<00:31,  2.81it/s] 20%|##        | 22/110 [00:08<00:33,  2.67it/s] 21%|##        | 23/110 [00:08<00:32,  2.70it/s] 22%|##1       | 24/110 [00:08<00:33,  2.54it/s] 23%|##2       | 25/110 [00:09<00:33,  2.57it/s] 24%|##3       | 26/110 [00:09<00:31,  2.64it/s] 25%|##4       | 27/110 [00:09<00:31,  2.67it/s] 25%|##5       | 28/110 [00:10<00:30,  2.73it/s] 26%|##6       | 29/110 [00:10<00:29,  2.73it/s] 27%|##7       | 30/110 [00:11<00:33,  2.40it/s] 28%|##8       | 31/110 [00:11<00:36,  2.14it/s] 29%|##9       | 32/110 [00:12<00:34,  2.23it/s] 30%|###       | 33/110 [00:12<00:34,  2.24it/s] 31%|###       | 34/110 [00:13<00:34,  2.18it/s] 32%|###1      | 35/110 [00:13<00:33,  2.23it/s] 33%|###2      | 36/110 [00:13<00:32,  2.28it/s] 34%|###3      | 37/110 [00:14<00:31,  2.30it/s] 35%|###4      | 38/110 [00:14<00:30,  2.35it/s] 35%|###5      | 39/110 [00:15<00:29,  2.38it/s] 36%|###6      | 40/110 [00:15<00:28,  2.41it/s] 37%|###7      | 41/110 [00:16<00:27,  2.47it/s] 38%|###8      | 42/110 [00:16<00:27,  2.44it/s] 39%|###9      | 43/110 [00:16<00:26,  2.53it/s] 40%|####      | 44/110 [00:17<00:24,  2.65it/s] 41%|####      | 45/110 [00:17<00:25,  2.59it/s] 42%|####1     | 46/110 [00:17<00:23,  2.69it/s] 43%|####2     | 47/110 [00:18<00:22,  2.76it/s] 44%|####3     | 48/110 [00:18<00:22,  2.81it/s] 45%|####4     | 49/110 [00:18<00:21,  2.78it/s] 45%|####5     | 50/110 [00:19<00:21,  2.81it/s] 46%|####6     | 51/110 [00:19<00:21,  2.79it/s] 47%|####7     | 52/110 [00:20<00:21,  2.69it/s] 48%|####8     | 53/110 [00:20<00:22,  2.53it/s] 49%|####9     | 54/110 [00:20<00:21,  2.61it/s] 50%|#####     | 55/110 [00:21<00:21,  2.61it/s] 51%|#####     | 56/110 [00:21<00:21,  2.54it/s] 52%|#####1    | 57/110 [00:22<00:20,  2.53it/s] 53%|#####2    | 58/110 [00:22<00:21,  2.42it/s] 54%|#####3    | 59/110 [00:22<00:21,  2.42it/s] 55%|#####4    | 60/110 [00:23<00:20,  2.50it/s] 55%|#####5    | 61/110 [00:23<00:19,  2.56it/s] 56%|#####6    | 62/110 [00:24<00:18,  2.64it/s] 57%|#####7    | 63/110 [00:24<00:17,  2.62it/s] 58%|#####8    | 64/110 [00:24<00:17,  2.57it/s] 59%|#####9    | 65/110 [00:25<00:17,  2.52it/s] 60%|######    | 66/110 [00:25<00:17,  2.48it/s] 61%|######    | 67/110 [00:26<00:17,  2.51it/s] 62%|######1   | 68/110 [00:26<00:16,  2.57it/s] 63%|######2   | 69/110 [00:26<00:17,  2.37it/s] 64%|######3   | 70/110 [00:27<00:18,  2.17it/s] 65%|######4   | 71/110 [00:27<00:17,  2.17it/s] 65%|######5   | 72/110 [00:28<00:16,  2.24it/s] 66%|######6   | 73/110 [00:28<00:16,  2.18it/s] 67%|######7   | 74/110 [00:29<00:16,  2.20it/s] 68%|######8   | 75/110 [00:29<00:15,  2.24it/s] 69%|######9   | 76/110 [00:30<00:15,  2.22it/s] 70%|#######   | 77/110 [00:30<00:14,  2.31it/s] 71%|#######   | 78/110 [00:30<00:13,  2.32it/s] 72%|#######1  | 79/110 [00:31<00:13,  2.28it/s] 73%|#######2  | 80/110 [00:31<00:12,  2.40it/s] 74%|#######3  | 81/110 [00:32<00:11,  2.47it/s] 75%|#######4  | 82/110 [00:32<00:11,  2.49it/s] 75%|#######5  | 83/110 [00:32<00:10,  2.52it/s] 76%|#######6  | 84/110 [00:33<00:10,  2.55it/s] 77%|#######7  | 85/110 [00:33<00:09,  2.61it/s] 78%|#######8  | 86/110 [00:34<00:09,  2.62it/s] 79%|#######9  | 87/110 [00:34<00:08,  2.56it/s] 80%|########  | 88/110 [00:34<00:08,  2.59it/s] 81%|########  | 89/110 [00:35<00:07,  2.65it/s] 82%|########1 | 90/110 [00:35<00:07,  2.68it/s] 83%|########2 | 91/110 [00:35<00:07,  2.57it/s] 84%|########3 | 92/110 [00:36<00:06,  2.62it/s] 85%|########4 | 93/110 [00:36<00:06,  2.67it/s] 85%|########5 | 94/110 [00:37<00:05,  2.68it/s] 86%|########6 | 95/110 [00:37<00:05,  2.69it/s] 87%|########7 | 96/110 [00:37<00:05,  2.65it/s] 88%|########8 | 97/110 [00:38<00:04,  2.71it/s] 89%|########9 | 98/110 [00:38<00:04,  2.71it/s] 90%|######### | 99/110 [00:38<00:03,  2.78it/s] 91%|######### | 100/110 [00:39<00:03,  2.73it/s] 92%|#########1| 101/110 [00:39<00:03,  2.77it/s] 93%|#########2| 102/110 [00:40<00:03,  2.60it/s] 94%|#########3| 103/110 [00:40<00:02,  2.63it/s] 95%|#########4| 104/110 [00:40<00:02,  2.68it/s] 95%|#########5| 105/110 [00:41<00:01,  2.71it/s] 96%|#########6| 106/110 [00:41<00:01,  2.76it/s] 97%|#########7| 107/110 [00:41<00:01,  2.79it/s] 98%|#########8| 108/110 [00:42<00:00,  2.85it/s] 99%|#########9| 109/110 [00:42<00:00,  2.85it/s]100%|##########| 110/110 [00:42<00:00,  2.88it/s]100%|##########| 110/110 [00:42<00:00,  2.57it/s]
Traceback (most recent call last):
  File "C:\Users\qchasserieau\AppData\Local\Continuum\anaconda3\envs\quetzal_env\lib\site-packages\pandas\core\indexes\base.py", line 2897, in get_loc
    return self._engine.get_loc(key)
  File "pandas/_libs/index.pyx", line 107, in pandas._libs.index.IndexEngine.get_loc
  File "pandas/_libs/index.pyx", line 131, in pandas._libs.index.IndexEngine.get_loc
  File "pandas/_libs/hashtable_class_helper.pxi", line 1607, in pandas._libs.hashtable.PyObjectHashTable.get_item
  File "pandas/_libs/hashtable_class_helper.pxi", line 1614, in pandas._libs.hashtable.PyObjectHashTable.get_item
KeyError: 'volume_pt_captive'

During handling of the above exception, another exception occurred:

Traceback (most recent call last):
  File "B12_optimal_strategy.py", line 73, in <module>
    rail.step_strategy_assignment('volume_pt_captive')
  File "../../../quetzal\quetzal\model\optimalmodel.py", line 102, in step_strategy_assignment
    destination_indexed_volumes = self.volumes.set_index(['destination', 'origin'])[volume_column]
  File "C:\Users\qchasserieau\AppData\Local\Continuum\anaconda3\envs\quetzal_env\lib\site-packages\pandas\core\frame.py", line 2995, in __getitem__
    indexer = self.columns.get_loc(key)
  File "C:\Users\qchasserieau\AppData\Local\Continuum\anaconda3\envs\quetzal_env\lib\site-packages\pandas\core\indexes\base.py", line 2899, in get_loc
    return self._engine.get_loc(self._maybe_cast_indexer(key))
  File "pandas/_libs/index.pyx", line 107, in pandas._libs.index.IndexEngine.get_loc
  File "pandas/_libs/index.pyx", line 131, in pandas._libs.index.IndexEngine.get_loc
  File "pandas/_libs/hashtable_class_helper.pxi", line 1607, in pandas._libs.hashtable.PyObjectHashTable.get_item
  File "pandas/_libs/hashtable_class_helper.pxi", line 1614, in pandas._libs.hashtable.PyObjectHashTable.get_item
KeyError: 'volume_pt_captive'
